-------------------------------------------------------------------------------
Test set: ImageHoster.controller.HomeControllerTest
-------------------------------------------------------------------------------
Tests run: 1, Failures: 0, Errors: 1, Skipped: 0, Time elapsed: 0.078 s <<< FAILURE! - in ImageHoster.controller.HomeControllerTest
getAllImages(ImageHoster.controller.HomeControllerTest)  Time elapsed: 0 s  <<< ERROR!
java.lang.IllegalStateException: Failed to load ApplicationContext
Caused by: org.mockito.exceptions.base.MockitoException: 

Mockito cannot mock this class: class ImageHoster.service.ImageService.

Mockito can only mock non-private & non-final classes.
If you're not sure why you're getting this error, please report to the mailing list.


Java               : 11
JVM vendor name    : Oracle Corporation
JVM vendor version : 11.0.6+8-LTS
JVM name           : Java HotSpot(TM) 64-Bit Server VM
JVM version        : 11.0.6+8-LTS
JVM info           : mixed mode
OS name            : Mac OS X
OS version         : 10.15.2


Underlying exception : java.lang.UnsupportedOperationException: Cannot define class using reflection
Caused by: java.lang.UnsupportedOperationException: Cannot define class using reflection
Caused by: java.lang.IllegalStateException: Could not find sun.misc.Unsafe
Caused by: java.lang.NoSuchMethodException: sun.misc.Unsafe.defineClass(java.lang.String, [B, int, int, java.lang.ClassLoader, java.security.ProtectionDomain)

